[2021-02-24 05:42:52] local.ERROR: SQLSTATE[HY000] [1698] Access denied for user 'root'@'localhost' (SQL: select * from information_schema.tables where table_schema = buildcon and table_name = migrations and table_type = 'BASE TABLE') {"exception":"[object] (Illuminate\\Database\\QueryException(code: 1698): SQLSTATE[HY000] [1698] Access denied for user 'root'@'localhost' (SQL: select * from information_schema.tables where table_schema = buildcon and table_name = migrations and table_type = 'BASE TABLE') at /var/www/html/larabuild/jigar/vendor/laravel/framework/src/Illuminate/Database/Connection.php:678)
[stacktrace]
#0 /var/www/html/larabuild/jigar/vendor/laravel/framework/src/Illuminate/Database/Connection.php(638): Illuminate\\Database\\Connection->runQueryCallback()
#1 /var/www/html/larabuild/jigar/vendor/laravel/framework/src/Illuminate/Database/Connection.php(346): Illuminate\\Database\\Connection->run()
#2 /var/www/html/larabuild/jigar/vendor/laravel/framework/src/Illuminate/Database/Schema/MySqlBuilder.php(44): Illuminate\\Database\\Connection->select()
#3 /var/www/html/larabuild/jigar/vendor/laravel/framework/src/Illuminate/Database/Migrations/DatabaseMigrationRepository.php(169): Illuminate\\Database\\Schema\\MySqlBuilder->hasTable()
#4 /var/www/html/larabuild/jigar/vendor/laravel/framework/src/Illuminate/Database/Migrations/Migrator.php(608): Illuminate\\Database\\Migrations\\DatabaseMigrationRepository->repositoryExists()
#5 /var/www/html/larabuild/jigar/vendor/laravel/framework/src/Illuminate/Database/Console/Migrations/MigrateCommand.php(106): Illuminate\\Database\\Migrations\\Migrator->repositoryExists()
#6 /var/www/html/larabuild/jigar/vendor/laravel/framework/src/Illuminate/Database/Console/Migrations/MigrateCommand.php(77): Illuminate\\Database\\Console\\Migrations\\MigrateCommand->prepareDatabase()
#7 /var/www/html/larabuild/jigar/vendor/laravel/framework/src/Illuminate/Database/Migrations/Migrator.php(541): Illuminate\\Database\\Console\\Migrations\\MigrateCommand->Illuminate\\Database\\Console\\Migrations\\{closure}()
#8 /var/www/html/larabuild/jigar/vendor/laravel/framework/src/Illuminate/Database/Console/Migrations/MigrateCommand.php(94): Illuminate\\Database\\Migrations\\Migrator->usingConnection()
#9 /var/www/html/larabuild/jigar/vendor/laravel/framework/src/Illuminate/Container/BoundMethod.php(36): Illuminate\\Database\\Console\\Migrations\\MigrateCommand->handle()
#10 /var/www/html/larabuild/jigar/vendor/laravel/framework/src/Illuminate/Container/Util.php(40): Illuminate\\Container\\BoundMethod::Illuminate\\Container\\{closure}()
#11 /var/www/html/larabuild/jigar/vendor/laravel/framework/src/Illuminate/Container/BoundMethod.php(93): Illuminate\\Container\\Util::unwrapIfClosure()
#12 /var/www/html/larabuild/jigar/vendor/laravel/framework/src/Illuminate/Container/BoundMethod.php(37): Illuminate\\Container\\BoundMethod::callBoundMethod()
#13 /var/www/html/larabuild/jigar/vendor/laravel/framework/src/Illuminate/Container/Container.php(610): Illuminate\\Container\\BoundMethod::call()
#14 /var/www/html/larabuild/jigar/vendor/laravel/framework/src/Illuminate/Console/Command.php(136): Illuminate\\Container\\Container->call()
#15 /var/www/html/larabuild/jigar/vendor/symfony/console/Command/Command.php(256): Illuminate\\Console\\Command->execute()
#16 /var/www/html/larabuild/jigar/vendor/laravel/framework/src/Illuminate/Console/Command.php(121): Symfony\\Component\\Console\\Command\\Command->run()
#17 /var/www/html/larabuild/jigar/vendor/symfony/console/Application.php(971): Illuminate\\Console\\Command->run()
#18 /var/www/html/larabuild/jigar/vendor/symfony/console/Application.php(290): Symfony\\Component\\Console\\Application->doRunCommand()
#19 /var/www/html/larabuild/jigar/vendor/symfony/console/Application.php(166): Symfony\\Component\\Console\\Application->doRun()
#20 /var/www/html/larabuild/jigar/vendor/laravel/framework/src/Illuminate/Console/Application.php(93): Symfony\\Component\\Console\\Application->run()
#21 /var/www/html/larabuild/jigar/vendor/laravel/framework/src/Illuminate/Foundation/Console/Kernel.php(129): Illuminate\\Console\\Application->run()
#22 /var/www/html/larabuild/jigar/artisan(37): Illuminate\\Foundation\\Console\\Kernel->handle()
#23 {main}

[previous exception] [object] (PDOException(code: 1698): SQLSTATE[HY000] [1698] Access denied for user 'root'@'localhost' at /var/www/html/larabuild/jigar/vendor/laravel/framework/src/Illuminate/Database/Connectors/Connector.php:70)
[stacktrace]
#0 /var/www/html/larabuild/jigar/vendor/laravel/framework/src/Illuminate/Database/Connectors/Connector.php(70): PDO->__construct()
#1 /var/www/html/larabuild/jigar/vendor/laravel/framework/src/Illuminate/Database/Connectors/Connector.php(46): Illuminate\\Database\\Connectors\\Connector->createPdoConnection()
#2 /var/www/html/larabuild/jigar/vendor/laravel/framework/src/Illuminate/Database/Connectors/MySqlConnector.php(24): Illuminate\\Database\\Connectors\\Connector->createConnection()
#3 /var/www/html/larabuild/jigar/vendor/laravel/framework/src/Illuminate/Database/Connectors/ConnectionFactory.php(184): Illuminate\\Database\\Connectors\\MySqlConnector->connect()
#4 [internal function]: Illuminate\\Database\\Connectors\\ConnectionFactory->Illuminate\\Database\\Connectors\\{closure}()
#5 /var/www/html/larabuild/jigar/vendor/laravel/framework/src/Illuminate/Database/Connection.php(939): call_user_func()
#6 /var/www/html/larabuild/jigar/vendor/laravel/framework/src/Illuminate/Database/Connection.php(974): Illuminate\\Database\\Connection->getPdo()
#7 /var/www/html/larabuild/jigar/vendor/laravel/framework/src/Illuminate/Database/Connection.php(412): Illuminate\\Database\\Connection->getReadPdo()
#8 /var/www/html/larabuild/jigar/vendor/laravel/framework/src/Illuminate/Database/Connection.php(338): Illuminate\\Database\\Connection->getPdoForSelect()
#9 /var/www/html/larabuild/jigar/vendor/laravel/framework/src/Illuminate/Database/Connection.php(671): Illuminate\\Database\\Connection->Illuminate\\Database\\{closure}()
#10 /var/www/html/larabuild/jigar/vendor/laravel/framework/src/Illuminate/Database/Connection.php(638): Illuminate\\Database\\Connection->runQueryCallback()
#11 /var/www/html/larabuild/jigar/vendor/laravel/framework/src/Illuminate/Database/Connection.php(346): Illuminate\\Database\\Connection->run()
#12 /var/www/html/larabuild/jigar/vendor/laravel/framework/src/Illuminate/Database/Schema/MySqlBuilder.php(44): Illuminate\\Database\\Connection->select()
#13 /var/www/html/larabuild/jigar/vendor/laravel/framework/src/Illuminate/Database/Migrations/DatabaseMigrationRepository.php(169): Illuminate\\Database\\Schema\\MySqlBuilder->hasTable()
#14 /var/www/html/larabuild/jigar/vendor/laravel/framework/src/Illuminate/Database/Migrations/Migrator.php(608): Illuminate\\Database\\Migrations\\DatabaseMigrationRepository->repositoryExists()
#15 /var/www/html/larabuild/jigar/vendor/laravel/framework/src/Illuminate/Database/Console/Migrations/MigrateCommand.php(106): Illuminate\\Database\\Migrations\\Migrator->repositoryExists()
#16 /var/www/html/larabuild/jigar/vendor/laravel/framework/src/Illuminate/Database/Console/Migrations/MigrateCommand.php(77): Illuminate\\Database\\Console\\Migrations\\MigrateCommand->prepareDatabase()
#17 /var/www/html/larabuild/jigar/vendor/laravel/framework/src/Illuminate/Database/Migrations/Migrator.php(541): Illuminate\\Database\\Console\\Migrations\\MigrateCommand->Illuminate\\Database\\Console\\Migrations\\{closure}()
#18 /var/www/html/larabuild/jigar/vendor/laravel/framework/src/Illuminate/Database/Console/Migrations/MigrateCommand.php(94): Illuminate\\Database\\Migrations\\Migrator->usingConnection()
#19 /var/www/html/larabuild/jigar/vendor/laravel/framework/src/Illuminate/Container/BoundMethod.php(36): Illuminate\\Database\\Console\\Migrations\\MigrateCommand->handle()
#20 /var/www/html/larabuild/jigar/vendor/laravel/framework/src/Illuminate/Container/Util.php(40): Illuminate\\Container\\BoundMethod::Illuminate\\Container\\{closure}()
#21 /var/www/html/larabuild/jigar/vendor/laravel/framework/src/Illuminate/Container/BoundMethod.php(93): Illuminate\\Container\\Util::unwrapIfClosure()
#22 /var/www/html/larabuild/jigar/vendor/laravel/framework/src/Illuminate/Container/BoundMethod.php(37): Illuminate\\Container\\BoundMethod::callBoundMethod()
#23 /var/www/html/larabuild/jigar/vendor/laravel/framework/src/Illuminate/Container/Container.php(610): Illuminate\\Container\\BoundMethod::call()
#24 /var/www/html/larabuild/jigar/vendor/laravel/framework/src/Illuminate/Console/Command.php(136): Illuminate\\Container\\Container->call()
#25 /var/www/html/larabuild/jigar/vendor/symfony/console/Command/Command.php(256): Illuminate\\Console\\Command->execute()
#26 /var/www/html/larabuild/jigar/vendor/laravel/framework/src/Illuminate/Console/Command.php(121): Symfony\\Component\\Console\\Command\\Command->run()
#27 /var/www/html/larabuild/jigar/vendor/symfony/console/Application.php(971): Illuminate\\Console\\Command->run()
#28 /var/www/html/larabuild/jigar/vendor/symfony/console/Application.php(290): Symfony\\Component\\Console\\Application->doRunCommand()
#29 /var/www/html/larabuild/jigar/vendor/symfony/console/Application.php(166): Symfony\\Component\\Console\\Application->doRun()
#30 /var/www/html/larabuild/jigar/vendor/laravel/framework/src/Illuminate/Console/Application.php(93): Symfony\\Component\\Console\\Application->run()
#31 /var/www/html/larabuild/jigar/vendor/laravel/framework/src/Illuminate/Foundation/Console/Kernel.php(129): Illuminate\\Console\\Application->run()
#32 /var/www/html/larabuild/jigar/artisan(37): Illuminate\\Foundation\\Console\\Kernel->handle()
#33 {main}
"} 
[2021-02-24 05:43:34] local.ERROR: SQLSTATE[HY000] [1698] Access denied for user 'root'@'localhost' (SQL: select * from information_schema.tables where table_schema = buildcon and table_name = migrations and table_type = 'BASE TABLE') {"exception":"[object] (Illuminate\\Database\\QueryException(code: 1698): SQLSTATE[HY000] [1698] Access denied for user 'root'@'localhost' (SQL: select * from information_schema.tables where table_schema = buildcon and table_name = migrations and table_type = 'BASE TABLE') at /var/www/html/larabuild/jigar/vendor/laravel/framework/src/Illuminate/Database/Connection.php:678)
[stacktrace]
#0 /var/www/html/larabuild/jigar/vendor/laravel/framework/src/Illuminate/Database/Connection.php(638): Illuminate\\Database\\Connection->runQueryCallback()
#1 /var/www/html/larabuild/jigar/vendor/laravel/framework/src/Illuminate/Database/Connection.php(346): Illuminate\\Database\\Connection->run()
#2 /var/www/html/larabuild/jigar/vendor/laravel/framework/src/Illuminate/Database/Schema/MySqlBuilder.php(44): Illuminate\\Database\\Connection->select()
#3 /var/www/html/larabuild/jigar/vendor/laravel/framework/src/Illuminate/Database/Migrations/DatabaseMigrationRepository.php(169): Illuminate\\Database\\Schema\\MySqlBuilder->hasTable()
#4 /var/www/html/larabuild/jigar/vendor/laravel/framework/src/Illuminate/Database/Migrations/Migrator.php(608): Illuminate\\Database\\Migrations\\DatabaseMigrationRepository->repositoryExists()
#5 /var/www/html/larabuild/jigar/vendor/laravel/framework/src/Illuminate/Database/Console/Migrations/MigrateCommand.php(106): Illuminate\\Database\\Migrations\\Migrator->repositoryExists()
#6 /var/www/html/larabuild/jigar/vendor/laravel/framework/src/Illuminate/Database/Console/Migrations/MigrateCommand.php(77): Illuminate\\Database\\Console\\Migrations\\MigrateCommand->prepareDatabase()
#7 /var/www/html/larabuild/jigar/vendor/laravel/framework/src/Illuminate/Database/Migrations/Migrator.php(541): Illuminate\\Database\\Console\\Migrations\\MigrateCommand->Illuminate\\Database\\Console\\Migrations\\{closure}()
#8 /var/www/html/larabuild/jigar/vendor/laravel/framework/src/Illuminate/Database/Console/Migrations/MigrateCommand.php(94): Illuminate\\Database\\Migrations\\Migrator->usingConnection()
#9 /var/www/html/larabuild/jigar/vendor/laravel/framework/src/Illuminate/Container/BoundMethod.php(36): Illuminate\\Database\\Console\\Migrations\\MigrateCommand->handle()
#10 /var/www/html/larabuild/jigar/vendor/laravel/framework/src/Illuminate/Container/Util.php(40): Illuminate\\Container\\BoundMethod::Illuminate\\Container\\{closure}()
#11 /var/www/html/larabuild/jigar/vendor/laravel/framework/src/Illuminate/Container/BoundMethod.php(93): Illuminate\\Container\\Util::unwrapIfClosure()
#12 /var/www/html/larabuild/jigar/vendor/laravel/framework/src/Illuminate/Container/BoundMethod.php(37): Illuminate\\Container\\BoundMethod::callBoundMethod()
#13 /var/www/html/larabuild/jigar/vendor/laravel/framework/src/Illuminate/Container/Container.php(610): Illuminate\\Container\\BoundMethod::call()
#14 /var/www/html/larabuild/jigar/vendor/laravel/framework/src/Illuminate/Console/Command.php(136): Illuminate\\Container\\Container->call()
#15 /var/www/html/larabuild/jigar/vendor/symfony/console/Command/Command.php(256): Illuminate\\Console\\Command->execute()
#16 /var/www/html/larabuild/jigar/vendor/laravel/framework/src/Illuminate/Console/Command.php(121): Symfony\\Component\\Console\\Command\\Command->run()
#17 /var/www/html/larabuild/jigar/vendor/symfony/console/Application.php(971): Illuminate\\Console\\Command->run()
#18 /var/www/html/larabuild/jigar/vendor/symfony/console/Application.php(290): Symfony\\Component\\Console\\Application->doRunCommand()
#19 /var/www/html/larabuild/jigar/vendor/symfony/console/Application.php(166): Symfony\\Component\\Console\\Application->doRun()
#20 /var/www/html/larabuild/jigar/vendor/laravel/framework/src/Illuminate/Console/Application.php(93): Symfony\\Component\\Console\\Application->run()
#21 /var/www/html/larabuild/jigar/vendor/laravel/framework/src/Illuminate/Foundation/Console/Kernel.php(129): Illuminate\\Console\\Application->run()
#22 /var/www/html/larabuild/jigar/artisan(37): Illuminate\\Foundation\\Console\\Kernel->handle()
#23 {main}

[previous exception] [object] (PDOException(code: 1698): SQLSTATE[HY000] [1698] Access denied for user 'root'@'localhost' at /var/www/html/larabuild/jigar/vendor/laravel/framework/src/Illuminate/Database/Connectors/Connector.php:70)
[stacktrace]
#0 /var/www/html/larabuild/jigar/vendor/laravel/framework/src/Illuminate/Database/Connectors/Connector.php(70): PDO->__construct()
#1 /var/www/html/larabuild/jigar/vendor/laravel/framework/src/Illuminate/Database/Connectors/Connector.php(46): Illuminate\\Database\\Connectors\\Connector->createPdoConnection()
#2 /var/www/html/larabuild/jigar/vendor/laravel/framework/src/Illuminate/Database/Connectors/MySqlConnector.php(24): Illuminate\\Database\\Connectors\\Connector->createConnection()
#3 /var/www/html/larabuild/jigar/vendor/laravel/framework/src/Illuminate/Database/Connectors/ConnectionFactory.php(184): Illuminate\\Database\\Connectors\\MySqlConnector->connect()
#4 [internal function]: Illuminate\\Database\\Connectors\\ConnectionFactory->Illuminate\\Database\\Connectors\\{closure}()
#5 /var/www/html/larabuild/jigar/vendor/laravel/framework/src/Illuminate/Database/Connection.php(939): call_user_func()
#6 /var/www/html/larabuild/jigar/vendor/laravel/framework/src/Illuminate/Database/Connection.php(974): Illuminate\\Database\\Connection->getPdo()
#7 /var/www/html/larabuild/jigar/vendor/laravel/framework/src/Illuminate/Database/Connection.php(412): Illuminate\\Database\\Connection->getReadPdo()
#8 /var/www/html/larabuild/jigar/vendor/laravel/framework/src/Illuminate/Database/Connection.php(338): Illuminate\\Database\\Connection->getPdoForSelect()
#9 /var/www/html/larabuild/jigar/vendor/laravel/framework/src/Illuminate/Database/Connection.php(671): Illuminate\\Database\\Connection->Illuminate\\Database\\{closure}()
#10 /var/www/html/larabuild/jigar/vendor/laravel/framework/src/Illuminate/Database/Connection.php(638): Illuminate\\Database\\Connection->runQueryCallback()
#11 /var/www/html/larabuild/jigar/vendor/laravel/framework/src/Illuminate/Database/Connection.php(346): Illuminate\\Database\\Connection->run()
#12 /var/www/html/larabuild/jigar/vendor/laravel/framework/src/Illuminate/Database/Schema/MySqlBuilder.php(44): Illuminate\\Database\\Connection->select()
#13 /var/www/html/larabuild/jigar/vendor/laravel/framework/src/Illuminate/Database/Migrations/DatabaseMigrationRepository.php(169): Illuminate\\Database\\Schema\\MySqlBuilder->hasTable()
#14 /var/www/html/larabuild/jigar/vendor/laravel/framework/src/Illuminate/Database/Migrations/Migrator.php(608): Illuminate\\Database\\Migrations\\DatabaseMigrationRepository->repositoryExists()
#15 /var/www/html/larabuild/jigar/vendor/laravel/framework/src/Illuminate/Database/Console/Migrations/MigrateCommand.php(106): Illuminate\\Database\\Migrations\\Migrator->repositoryExists()
#16 /var/www/html/larabuild/jigar/vendor/laravel/framework/src/Illuminate/Database/Console/Migrations/MigrateCommand.php(77): Illuminate\\Database\\Console\\Migrations\\MigrateCommand->prepareDatabase()
#17 /var/www/html/larabuild/jigar/vendor/laravel/framework/src/Illuminate/Database/Migrations/Migrator.php(541): Illuminate\\Database\\Console\\Migrations\\MigrateCommand->Illuminate\\Database\\Console\\Migrations\\{closure}()
#18 /var/www/html/larabuild/jigar/vendor/laravel/framework/src/Illuminate/Database/Console/Migrations/MigrateCommand.php(94): Illuminate\\Database\\Migrations\\Migrator->usingConnection()
#19 /var/www/html/larabuild/jigar/vendor/laravel/framework/src/Illuminate/Container/BoundMethod.php(36): Illuminate\\Database\\Console\\Migrations\\MigrateCommand->handle()
#20 /var/www/html/larabuild/jigar/vendor/laravel/framework/src/Illuminate/Container/Util.php(40): Illuminate\\Container\\BoundMethod::Illuminate\\Container\\{closure}()
#21 /var/www/html/larabuild/jigar/vendor/laravel/framework/src/Illuminate/Container/BoundMethod.php(93): Illuminate\\Container\\Util::unwrapIfClosure()
#22 /var/www/html/larabuild/jigar/vendor/laravel/framework/src/Illuminate/Container/BoundMethod.php(37): Illuminate\\Container\\BoundMethod::callBoundMethod()
#23 /var/www/html/larabuild/jigar/vendor/laravel/framework/src/Illuminate/Container/Container.php(610): Illuminate\\Container\\BoundMethod::call()
#24 /var/www/html/larabuild/jigar/vendor/laravel/framework/src/Illuminate/Console/Command.php(136): Illuminate\\Container\\Container->call()
#25 /var/www/html/larabuild/jigar/vendor/symfony/console/Command/Command.php(256): Illuminate\\Console\\Command->execute()
#26 /var/www/html/larabuild/jigar/vendor/laravel/framework/src/Illuminate/Console/Command.php(121): Symfony\\Component\\Console\\Command\\Command->run()
#27 /var/www/html/larabuild/jigar/vendor/symfony/console/Application.php(971): Illuminate\\Console\\Command->run()
#28 /var/www/html/larabuild/jigar/vendor/symfony/console/Application.php(290): Symfony\\Component\\Console\\Application->doRunCommand()
#29 /var/www/html/larabuild/jigar/vendor/symfony/console/Application.php(166): Symfony\\Component\\Console\\Application->doRun()
#30 /var/www/html/larabuild/jigar/vendor/laravel/framework/src/Illuminate/Console/Application.php(93): Symfony\\Component\\Console\\Application->run()
#31 /var/www/html/larabuild/jigar/vendor/laravel/framework/src/Illuminate/Foundation/Console/Kernel.php(129): Illuminate\\Console\\Application->run()
#32 /var/www/html/larabuild/jigar/artisan(37): Illuminate\\Foundation\\Console\\Kernel->handle()
#33 {main}
"} 
